2023-08-14 00:08:614 INFO  HomePage :53 - Entering User's Name : [[ChromeDriver: chrome on WINDOWS (4398d3fe70bbabe5488194275d732f69)] -> xpath: //input[@id='inputName']]
2023-08-14 00:08:696 INFO  HomePage :58 - Entering User's Date Of Birth : [[ChromeDriver: chrome on WINDOWS (4398d3fe70bbabe5488194275d732f69)] -> xpath: //input[@id='inputBirthday']]
2023-08-14 00:08:751 INFO  HomePage :63 - Clicking On Submit Button : [[ChromeDriver: chrome on WINDOWS (4398d3fe70bbabe5488194275d732f69)] -> xpath: //button[@id='submitButton']]
2023-08-14 00:08:365 INFO  HomePage :69 - Verifying Displayed User Name : [[ChromeDriver: chrome on WINDOWS (4398d3fe70bbabe5488194275d732f69)] -> xpath: //span[@id='resultName']]
2023-08-14 00:08:406 INFO  HomePage :75 - Verifying Displayed User Age : [[ChromeDriver: chrome on WINDOWS (4398d3fe70bbabe5488194275d732f69)] -> xpath: //span[@id='resultAge']]
2023-08-14 00:08:172 INFO  HomePage :53 - Entering User's Name : [[ChromeDriver: chrome on WINDOWS (eedf9077cf4f2f77d35f47c15ce0aa74)] -> xpath: //input[@id='inputName']]
2023-08-14 00:08:223 INFO  HomePage :58 - Entering User's Date Of Birth : [[ChromeDriver: chrome on WINDOWS (eedf9077cf4f2f77d35f47c15ce0aa74)] -> xpath: //input[@id='inputBirthday']]
2023-08-14 00:08:271 INFO  HomePage :63 - Clicking On Submit Button : [[ChromeDriver: chrome on WINDOWS (eedf9077cf4f2f77d35f47c15ce0aa74)] -> xpath: //button[@id='submitButton']]
2023-08-14 00:08:857 INFO  HomePage :69 - Verifying Displayed User Name : [[ChromeDriver: chrome on WINDOWS (eedf9077cf4f2f77d35f47c15ce0aa74)] -> xpath: //span[@id='resultName']]
2023-08-14 00:08:891 INFO  HomePage :75 - Verifying Displayed User Age : [[ChromeDriver: chrome on WINDOWS (eedf9077cf4f2f77d35f47c15ce0aa74)] -> xpath: //span[@id='resultAge']]
2023-08-14 00:08:624 INFO  HomePage :53 - Entering User's Name : [[ChromeDriver: chrome on WINDOWS (df4e805a68b5da625326237e84aedd8d)] -> xpath: //input[@id='inputName']]
2023-08-14 00:08:692 INFO  HomePage :58 - Entering User's Date Of Birth : [[ChromeDriver: chrome on WINDOWS (df4e805a68b5da625326237e84aedd8d)] -> xpath: //input[@id='inputBirthday']]
2023-08-14 00:08:748 INFO  HomePage :63 - Clicking On Submit Button : [[ChromeDriver: chrome on WINDOWS (df4e805a68b5da625326237e84aedd8d)] -> xpath: //button[@id='submitButton']]
2023-08-14 00:08:362 INFO  HomePage :71 - Verifying Displayed User Name : [[ChromeDriver: chrome on WINDOWS (df4e805a68b5da625326237e84aedd8d)] -> xpath: //span[@id='resultName']]
2023-08-14 00:08:398 INFO  HomePage :79 - Verifying Displayed User Age : [[ChromeDriver: chrome on WINDOWS (df4e805a68b5da625326237e84aedd8d)] -> xpath: //span[@id='resultAge']]
2023-08-14 00:08:243 INFO  HomePage :53 - Entering User's Name : [[ChromeDriver: chrome on WINDOWS (94124ad980e51b381db5638d18c308aa)] -> xpath: //input[@id='inputName']]
2023-08-14 00:08:293 INFO  HomePage :58 - Entering User's Date Of Birth : [[ChromeDriver: chrome on WINDOWS (94124ad980e51b381db5638d18c308aa)] -> xpath: //input[@id='inputBirthday']]
2023-08-14 00:08:343 INFO  HomePage :63 - Clicking On Submit Button : [[ChromeDriver: chrome on WINDOWS (94124ad980e51b381db5638d18c308aa)] -> xpath: //button[@id='submitButton']]
2023-08-14 00:08:938 INFO  HomePage :71 - Verifying Displayed User Name : [[ChromeDriver: chrome on WINDOWS (94124ad980e51b381db5638d18c308aa)] -> xpath: //span[@id='resultName']]
2023-08-14 00:08:970 INFO  HomePage :79 - Verifying Displayed User Age : [[ChromeDriver: chrome on WINDOWS (94124ad980e51b381db5638d18c308aa)] -> xpath: //span[@id='resultAge']]
2023-08-14 17:08:892 INFO  HomePage :53 - Entering User's Name : [[ChromeDriver: chrome on WINDOWS (91f20f970120be11ff1d0f078604f853)] -> xpath: //input[@id='inputName']]
2023-08-14 17:08:12 INFO  HomePage :58 - Entering User's Date Of Birth : [[ChromeDriver: chrome on WINDOWS (91f20f970120be11ff1d0f078604f853)] -> xpath: //input[@id='inputBirthday']]
2023-08-14 17:08:99 INFO  HomePage :63 - Clicking On Submit Button : [[ChromeDriver: chrome on WINDOWS (91f20f970120be11ff1d0f078604f853)] -> xpath: //button[@id='submitButton']]
2023-08-14 17:08:779 INFO  HomePage :71 - Verifying Displayed User Name : [[ChromeDriver: chrome on WINDOWS (91f20f970120be11ff1d0f078604f853)] -> xpath: //span[@id='resultName']]
2023-08-14 17:08:853 INFO  HomePage :79 - Verifying Displayed User Age : [[ChromeDriver: chrome on WINDOWS (91f20f970120be11ff1d0f078604f853)] -> xpath: //span[@id='resultAge']]
2023-08-14 17:08:637 INFO  HomePage :53 - Entering User's Name : [[ChromeDriver: chrome on WINDOWS (67a2061022a1201505c70da779cc8ac3)] -> xpath: //input[@id='inputName']]
2023-08-14 17:08:742 INFO  HomePage :58 - Entering User's Date Of Birth : [[ChromeDriver: chrome on WINDOWS (67a2061022a1201505c70da779cc8ac3)] -> xpath: //input[@id='inputBirthday']]
2023-08-14 17:08:832 INFO  HomePage :63 - Clicking On Submit Button : [[ChromeDriver: chrome on WINDOWS (67a2061022a1201505c70da779cc8ac3)] -> xpath: //button[@id='submitButton']]
2023-08-14 17:08:324 INFO  HomePage :53 - Entering User's Name : [[ChromeDriver: chrome on WINDOWS (d321e19e0f62ce3136c72f96870c1ccf)] -> xpath: //input[@id='inputName']]
2023-08-14 17:08:422 INFO  HomePage :58 - Entering User's Date Of Birth : [[ChromeDriver: chrome on WINDOWS (d321e19e0f62ce3136c72f96870c1ccf)] -> xpath: //input[@id='inputBirthday']]
2023-08-14 17:08:513 INFO  HomePage :63 - Clicking On Submit Button : [[ChromeDriver: chrome on WINDOWS (d321e19e0f62ce3136c72f96870c1ccf)] -> xpath: //button[@id='submitButton']]
2023-08-14 17:08:140 INFO  HomePage :71 - Verifying Displayed User Name : [[ChromeDriver: chrome on WINDOWS (d321e19e0f62ce3136c72f96870c1ccf)] -> xpath: //span[@id='resultName']]
2023-08-14 17:08:191 INFO  HomePage :79 - Verifying Displayed User Age : [[ChromeDriver: chrome on WINDOWS (d321e19e0f62ce3136c72f96870c1ccf)] -> xpath: //span[@id='resultAge']]
2023-08-14 17:08:450 INFO  HomePage :53 - Entering User's Name : [[ChromeDriver: chrome on WINDOWS (73e6c8cfd2c47d2faffc78f3ad4028bf)] -> xpath: //input[@id='inputName']]
2023-08-14 17:08:551 INFO  HomePage :58 - Entering User's Date Of Birth : [[ChromeDriver: chrome on WINDOWS (73e6c8cfd2c47d2faffc78f3ad4028bf)] -> xpath: //input[@id='inputBirthday']]
2023-08-14 17:08:623 INFO  HomePage :63 - Clicking On Submit Button : [[ChromeDriver: chrome on WINDOWS (73e6c8cfd2c47d2faffc78f3ad4028bf)] -> xpath: //button[@id='submitButton']]
2023-08-14 17:08:270 INFO  HomePage :71 - Verifying Displayed User Name : [[ChromeDriver: chrome on WINDOWS (73e6c8cfd2c47d2faffc78f3ad4028bf)] -> xpath: //span[@id='resultName']]
2023-08-14 17:08:329 INFO  HomePage :79 - Verifying Displayed User Age : [[ChromeDriver: chrome on WINDOWS (73e6c8cfd2c47d2faffc78f3ad4028bf)] -> xpath: //span[@id='resultAge']]
2023-08-14 17:08:421 INFO  HomePage :53 - Entering User's Name : [[ChromeDriver: chrome on WINDOWS (48d941e64fde80d9dd015fae76b4e5ef)] -> xpath: //input[@id='inputName']]
2023-08-14 17:08:499 INFO  HomePage :58 - Entering User's Date Of Birth : [[ChromeDriver: chrome on WINDOWS (48d941e64fde80d9dd015fae76b4e5ef)] -> xpath: //input[@id='inputBirthday']]
2023-08-14 17:08:553 INFO  HomePage :63 - Clicking On Submit Button : [[ChromeDriver: chrome on WINDOWS (48d941e64fde80d9dd015fae76b4e5ef)] -> xpath: //button[@id='submitButton']]
2023-08-14 17:08:181 INFO  HomePage :71 - Verifying Displayed User Name : [[ChromeDriver: chrome on WINDOWS (48d941e64fde80d9dd015fae76b4e5ef)] -> xpath: //span[@id='resultName']]
2023-08-14 17:08:239 INFO  HomePage :79 - Verifying Displayed User Age : [[ChromeDriver: chrome on WINDOWS (48d941e64fde80d9dd015fae76b4e5ef)] -> xpath: //span[@id='resultAge']]
2023-08-15 21:08:201 INFO  HomePage :53 - Entering User's Name : [[ChromeDriver: chrome on WINDOWS (4f7074a99bbead748602921ac4c4d6aa)] -> xpath: //input[@id='inputName']]
2023-08-15 21:08:315 INFO  HomePage :58 - Entering User's Date Of Birth : [[ChromeDriver: chrome on WINDOWS (4f7074a99bbead748602921ac4c4d6aa)] -> xpath: //input[@id='inputBirthday']]
2023-08-15 21:08:406 INFO  HomePage :63 - Clicking On Submit Button : [[ChromeDriver: chrome on WINDOWS (4f7074a99bbead748602921ac4c4d6aa)] -> xpath: //button[@id='submitButton']]
2023-08-15 21:08:70 INFO  HomePage :71 - Verifying Displayed User Name : [[ChromeDriver: chrome on WINDOWS (4f7074a99bbead748602921ac4c4d6aa)] -> xpath: //span[@id='resultName']]
2023-08-15 21:08:143 INFO  HomePage :79 - Verifying Displayed User Age : [[ChromeDriver: chrome on WINDOWS (4f7074a99bbead748602921ac4c4d6aa)] -> xpath: //span[@id='resultAge']]
2023-08-15 21:08:349 INFO  HomePage :53 - Entering User's Name : [[ChromeDriver: chrome on WINDOWS (514906b2c796fe14a4370d646f1f1eaa)] -> xpath: //input[@id='inputName']]
2023-08-15 21:08:447 INFO  HomePage :58 - Entering User's Date Of Birth : [[ChromeDriver: chrome on WINDOWS (514906b2c796fe14a4370d646f1f1eaa)] -> xpath: //input[@id='inputBirthday']]
2023-08-15 21:08:544 INFO  HomePage :63 - Clicking On Submit Button : [[ChromeDriver: chrome on WINDOWS (514906b2c796fe14a4370d646f1f1eaa)] -> xpath: //button[@id='submitButton']]
2023-08-15 21:08:182 INFO  HomePage :71 - Verifying Displayed User Name : [[ChromeDriver: chrome on WINDOWS (514906b2c796fe14a4370d646f1f1eaa)] -> xpath: //span[@id='resultName']]
2023-08-15 21:08:235 INFO  HomePage :79 - Verifying Displayed User Age : [[ChromeDriver: chrome on WINDOWS (514906b2c796fe14a4370d646f1f1eaa)] -> xpath: //span[@id='resultAge']]
2023-08-15 21:08:98 INFO  HomePage :53 - Entering User's Name : [[ChromeDriver: chrome on WINDOWS (5d7ae8a9df128a80e5793db1a7371f83)] -> xpath: //input[@id='inputName']]
2023-08-15 21:08:172 INFO  HomePage :58 - Entering User's Date Of Birth : [[ChromeDriver: chrome on WINDOWS (5d7ae8a9df128a80e5793db1a7371f83)] -> xpath: //input[@id='inputBirthday']]
2023-08-15 21:08:241 INFO  HomePage :63 - Clicking On Submit Button : [[ChromeDriver: chrome on WINDOWS (5d7ae8a9df128a80e5793db1a7371f83)] -> xpath: //button[@id='submitButton']]
2023-08-15 21:08:865 INFO  HomePage :71 - Verifying Displayed User Name : [[ChromeDriver: chrome on WINDOWS (5d7ae8a9df128a80e5793db1a7371f83)] -> xpath: //span[@id='resultName']]
2023-08-15 21:08:902 INFO  HomePage :79 - Verifying Displayed User Age : [[ChromeDriver: chrome on WINDOWS (5d7ae8a9df128a80e5793db1a7371f83)] -> xpath: //span[@id='resultAge']]
2023-08-15 21:08:735 INFO  HomePage :53 - Entering User's Name : [[ChromeDriver: chrome on WINDOWS (4b97651283f69caf03f1cc90e8a4faba)] -> xpath: //input[@id='inputName']]
2023-08-15 21:08:807 INFO  HomePage :58 - Entering User's Date Of Birth : [[ChromeDriver: chrome on WINDOWS (4b97651283f69caf03f1cc90e8a4faba)] -> xpath: //input[@id='inputBirthday']]
2023-08-15 21:08:866 INFO  HomePage :63 - Clicking On Submit Button : [[ChromeDriver: chrome on WINDOWS (4b97651283f69caf03f1cc90e8a4faba)] -> xpath: //button[@id='submitButton']]
2023-08-15 21:08:450 INFO  HomePage :71 - Verifying Displayed User Name : [[ChromeDriver: chrome on WINDOWS (4b97651283f69caf03f1cc90e8a4faba)] -> xpath: //span[@id='resultName']]
2023-08-15 21:08:484 INFO  HomePage :79 - Verifying Displayed User Age : [[ChromeDriver: chrome on WINDOWS (4b97651283f69caf03f1cc90e8a4faba)] -> xpath: //span[@id='resultAge']]
2023-08-15 21:08:684 INFO  HomePage :53 - Entering User's Name : [[ChromeDriver: chrome on WINDOWS (d3d9ee19ad840a6e227077a4ef588a1f)] -> xpath: //input[@id='inputName']]
2023-08-15 21:08:765 INFO  HomePage :58 - Entering User's Date Of Birth : [[ChromeDriver: chrome on WINDOWS (d3d9ee19ad840a6e227077a4ef588a1f)] -> xpath: //input[@id='inputBirthday']]
2023-08-15 21:08:841 INFO  HomePage :63 - Clicking On Submit Button : [[ChromeDriver: chrome on WINDOWS (d3d9ee19ad840a6e227077a4ef588a1f)] -> xpath: //button[@id='submitButton']]
2023-08-15 21:08:463 INFO  HomePage :71 - Verifying Displayed User Name : [[ChromeDriver: chrome on WINDOWS (d3d9ee19ad840a6e227077a4ef588a1f)] -> xpath: //span[@id='resultName']]
2023-08-15 21:08:498 INFO  HomePage :79 - Verifying Displayed User Age : [[ChromeDriver: chrome on WINDOWS (d3d9ee19ad840a6e227077a4ef588a1f)] -> xpath: //span[@id='resultAge']]
2023-08-15 21:08:424 INFO  HomePage :53 - Entering User's Name : [[ChromeDriver: chrome on WINDOWS (8c7a8077e1925de025f0688443e59e53)] -> xpath: //input[@id='inputName']]
2023-08-15 21:08:488 INFO  HomePage :58 - Entering User's Date Of Birth : [[ChromeDriver: chrome on WINDOWS (8c7a8077e1925de025f0688443e59e53)] -> xpath: //input[@id='inputBirthday']]
2023-08-15 21:08:549 INFO  HomePage :63 - Clicking On Submit Button : [[ChromeDriver: chrome on WINDOWS (8c7a8077e1925de025f0688443e59e53)] -> xpath: //button[@id='submitButton']]
2023-08-15 21:08:145 INFO  HomePage :71 - Verifying Displayed User Name : [[ChromeDriver: chrome on WINDOWS (8c7a8077e1925de025f0688443e59e53)] -> xpath: //span[@id='resultName']]
2023-08-15 21:08:179 INFO  HomePage :79 - Verifying Displayed User Age : [[ChromeDriver: chrome on WINDOWS (8c7a8077e1925de025f0688443e59e53)] -> xpath: //span[@id='resultAge']]
